<?xml version="1.0" encoding="UTF-8"?>
<robot generator="Robot 6.1.1 (Python 3.10.10 on win32)" generated="20240524 09:23:17.314" rpa="false" schemaversion="4">
<suite id="s1" name="2Dscreen" source="D:\Automation\CCMTESTCASE\2Dscreen.robot">
<test id="s1-t1" name="2D screen unit test case" line="8">
<kw name="Open the rul and maximize" library="1Dkeyword">
<arg>http://172.29.58.29:2023/auth/login</arg>
<kw name="Open Browser" library="SeleniumLibrary">
<arg>${urls}</arg>
<arg>${browser}</arg>
<doc>Opens a new browser instance to the optional ``url``.</doc>
<msg timestamp="20240524 09:23:17.579" level="INFO">Opening browser 'chrome' to base url 'http://172.29.58.29:2023/auth/login'.</msg>
<status status="PASS" starttime="20240524 09:23:17.578" endtime="20240524 09:23:44.039"/>
</kw>
<kw name="Maximize Browser Window" library="SeleniumLibrary">
<doc>Maximizes current browser window.</doc>
<status status="PASS" starttime="20240524 09:23:44.040" endtime="20240524 09:23:44.097"/>
</kw>
<kw name="Sleep" library="BuiltIn">
<arg>2s</arg>
<doc>Pauses the test executed for the given time.</doc>
<msg timestamp="20240524 09:23:46.104" level="INFO">Slept 2 seconds</msg>
<status status="PASS" starttime="20240524 09:23:44.097" endtime="20240524 09:23:46.104"/>
</kw>
<status status="PASS" starttime="20240524 09:23:17.577" endtime="20240524 09:23:46.106"/>
</kw>
<kw name="Login the user id and password" library="1Dkeyword">
<arg>qpc</arg>
<arg>12345678</arg>
<kw name="Input Text" library="SeleniumLibrary">
<arg>//span[text()='Enter your username and password']/following-sibling::input[1]</arg>
<arg>${username}</arg>
<doc>Types the given ``text`` into the text field identified by ``locator``.</doc>
<msg timestamp="20240524 09:23:46.108" level="INFO">Typing text 'qpc' into text field '//span[text()='Enter your username and password']/following-sibling::input[1]'.</msg>
<status status="PASS" starttime="20240524 09:23:46.107" endtime="20240524 09:23:46.289"/>
</kw>
<kw name="Input Text" library="SeleniumLibrary">
<arg>//span[text()='Enter your username and password']/following-sibling::input[2]</arg>
<arg>${password}</arg>
<doc>Types the given ``text`` into the text field identified by ``locator``.</doc>
<msg timestamp="20240524 09:23:46.291" level="INFO">Typing text '12345678' into text field '//span[text()='Enter your username and password']/following-sibling::input[2]'.</msg>
<status status="PASS" starttime="20240524 09:23:46.289" endtime="20240524 09:23:46.427"/>
</kw>
<kw name="Sleep" library="BuiltIn">
<arg>2s</arg>
<doc>Pauses the test executed for the given time.</doc>
<msg timestamp="20240524 09:23:48.433" level="INFO">Slept 2 seconds</msg>
<status status="PASS" starttime="20240524 09:23:46.428" endtime="20240524 09:23:48.433"/>
</kw>
<kw name="Click Button" library="SeleniumLibrary">
<arg>//button[contains(text(),'Log')]</arg>
<doc>Clicks the button identified by ``locator``.</doc>
<msg timestamp="20240524 09:23:48.435" level="INFO">Clicking button '//button[contains(text(),'Log')]'.</msg>
<status status="PASS" starttime="20240524 09:23:48.434" endtime="20240524 09:23:48.613"/>
</kw>
<kw name="Sleep" library="BuiltIn">
<arg>4s</arg>
<doc>Pauses the test executed for the given time.</doc>
<msg timestamp="20240524 09:23:52.618" level="INFO">Slept 4 seconds</msg>
<status status="PASS" starttime="20240524 09:23:48.613" endtime="20240524 09:23:52.620"/>
</kw>
<status status="PASS" starttime="20240524 09:23:46.106" endtime="20240524 09:23:52.620"/>
</kw>
<kw name="Click on the workbench" library="1Dkeyword">
<arg>unitworkbench</arg>
<kw name="Wait Until Page Contains" library="SeleniumLibrary">
<arg>External Concern Management Portal</arg>
<arg>20s</arg>
<doc>Waits until ``text`` appears on the current page.</doc>
<status status="PASS" starttime="20240524 09:23:52.622" endtime="20240524 09:23:52.655"/>
</kw>
<kw name="Mouse Over" library="SeleniumLibrary">
<arg>//div[contains(@class,'active-x')]</arg>
<doc>Simulates hovering the mouse over the element ``locator``.</doc>
<msg timestamp="20240524 09:23:52.657" level="INFO">Simulating Mouse Over on element '//div[contains(@class,'active-x')]'.</msg>
<status status="PASS" starttime="20240524 09:23:52.656" endtime="20240524 09:23:52.978"/>
</kw>
<kw name="Sleep" library="BuiltIn">
<arg>2s</arg>
<doc>Pauses the test executed for the given time.</doc>
<msg timestamp="20240524 09:23:54.988" level="INFO">Slept 2 seconds</msg>
<status status="PASS" starttime="20240524 09:23:52.979" endtime="20240524 09:23:54.989"/>
</kw>
<kw name="Wait Until Page Contains Element" library="SeleniumLibrary">
<arg>//span[contains(text(),'Transaction')]</arg>
<arg>20s</arg>
<doc>Waits until the element ``locator`` appears on the current page.</doc>
<status status="PASS" starttime="20240524 09:23:54.990" endtime="20240524 09:23:55.020"/>
</kw>
<kw name="Get Selenium Timeout" library="SeleniumLibrary">
<var>${get}</var>
<doc>Gets the timeout that is used by various keywords.</doc>
<msg timestamp="20240524 09:23:55.022" level="INFO">${get} = 5 seconds</msg>
<status status="PASS" starttime="20240524 09:23:55.021" endtime="20240524 09:23:55.023"/>
</kw>
<kw name="Log" library="BuiltIn">
<arg>${get}</arg>
<doc>Logs the given message with the given level.</doc>
<msg timestamp="20240524 09:23:55.024" level="INFO">5 seconds</msg>
<status status="PASS" starttime="20240524 09:23:55.023" endtime="20240524 09:23:55.024"/>
</kw>
<kw name="Click Element" library="SeleniumLibrary">
<arg>//span[contains(text(),'Transaction')]</arg>
<doc>Click the element identified by ``locator``.</doc>
<msg timestamp="20240524 09:23:55.026" level="INFO">Clicking element '//span[contains(text(),'Transaction')]'.</msg>
<status status="PASS" starttime="20240524 09:23:55.025" endtime="20240524 09:23:55.129"/>
</kw>
<kw name="Wait Until Page Contains Element" library="SeleniumLibrary">
<arg>//a[contains(@href,'${init}')]</arg>
<arg>20s</arg>
<doc>Waits until the element ``locator`` appears on the current page.</doc>
<status status="PASS" starttime="20240524 09:23:55.130" endtime="20240524 09:23:55.153"/>
</kw>
<kw name="Click Link" library="SeleniumLibrary">
<arg>//a[contains(@href,'${init}')]</arg>
<doc>Clicks a link identified by ``locator``.</doc>
<msg timestamp="20240524 09:23:55.156" level="INFO">Clicking link '//a[contains(@href,'unitworkbench')]'.</msg>
<status status="PASS" starttime="20240524 09:23:55.154" endtime="20240524 09:23:55.287"/>
</kw>
<kw name="Sleep" library="BuiltIn">
<arg>3S</arg>
<doc>Pauses the test executed for the given time.</doc>
<msg timestamp="20240524 09:23:58.295" level="INFO">Slept 3 seconds</msg>
<status status="PASS" starttime="20240524 09:23:55.288" endtime="20240524 09:23:58.296"/>
</kw>
<status status="PASS" starttime="20240524 09:23:52.621" endtime="20240524 09:23:58.296"/>
</kw>
<kw name="date and time of the list" library="2Dkeyword">
<var>${datetime}</var>
<kw name="Dateandtimes" library="timeforthecurrentdate">
<var>${abc}</var>
<msg timestamp="20240524 09:23:58.299" level="INFO">${abc} = 24</msg>
<status status="PASS" starttime="20240524 09:23:58.298" endtime="20240524 09:23:58.299"/>
</kw>
<return>
<value>${abc}</value>
<status status="PASS" starttime="20240524 09:23:58.299" endtime="20240524 09:23:58.300"/>
</return>
<msg timestamp="20240524 09:23:58.301" level="INFO">${datetime} = 24</msg>
<status status="PASS" starttime="20240524 09:23:58.297" endtime="20240524 09:23:58.301"/>
</kw>
<kw name="Log" library="BuiltIn">
<arg>${datetime}</arg>
<doc>Logs the given message with the given level.</doc>
<msg timestamp="20240524 09:23:58.302" level="INFO">24</msg>
<status status="PASS" starttime="20240524 09:23:58.301" endtime="20240524 09:23:58.302"/>
</kw>
<kw name="All catagory on" library="1Dkeyword">
<kw name="Click Element" library="SeleniumLibrary">
<arg>//mat-slide-toggle[@mattooltip="Show All Category Data"]/label</arg>
<doc>Click the element identified by ``locator``.</doc>
<msg timestamp="20240524 09:23:58.305" level="INFO">Clicking element '//mat-slide-toggle[@mattooltip="Show All Category Data"]/label'.</msg>
<status status="PASS" starttime="20240524 09:23:58.304" endtime="20240524 09:23:59.199"/>
</kw>
<kw name="Sleep" library="BuiltIn">
<arg>3s</arg>
<doc>Pauses the test executed for the given time.</doc>
<msg timestamp="20240524 09:24:02.216" level="INFO">Slept 3 seconds</msg>
<status status="PASS" starttime="20240524 09:23:59.201" endtime="20240524 09:24:02.218"/>
</kw>
<status status="PASS" starttime="20240524 09:23:58.303" endtime="20240524 09:24:02.218"/>
</kw>
<kw name="click on the concern number" library="1Dkeyword">
<kw name="Click Element" library="SeleniumLibrary">
<arg>//thead[@role="rowgroup"]/parent::table/tbody/tr[1]/td[2]/span/span/a</arg>
<doc>Click the element identified by ``locator``.</doc>
<msg timestamp="20240524 09:24:02.221" level="INFO">Clicking element '//thead[@role="rowgroup"]/parent::table/tbody/tr[1]/td[2]/span/span/a'.</msg>
<status status="PASS" starttime="20240524 09:24:02.220" endtime="20240524 09:24:02.740"/>
</kw>
<kw name="Sleep" library="BuiltIn">
<arg>4s</arg>
<doc>Pauses the test executed for the given time.</doc>
<msg timestamp="20240524 09:24:06.752" level="INFO">Slept 4 seconds</msg>
<status status="PASS" starttime="20240524 09:24:02.741" endtime="20240524 09:24:06.753"/>
</kw>
<status status="PASS" starttime="20240524 09:24:02.219" endtime="20240524 09:24:06.753"/>
</kw>
<kw name="click on the 2D stepper" library="2Dkeyword">
<kw name="Click Button" library="SeleniumLibrary">
<arg>//span[contains(text(),'2 D')]/parent::button</arg>
<doc>Clicks the button identified by ``locator``.</doc>
<msg timestamp="20240524 09:24:06.757" level="INFO">Clicking button '//span[contains(text(),'2 D')]/parent::button'.</msg>
<status status="PASS" starttime="20240524 09:24:06.755" endtime="20240524 09:24:06.924"/>
</kw>
<kw name="Wait Until Page Contains Element" library="SeleniumLibrary">
<arg>//span[contains(text(),"Customer End Quantity")]/parent::div/following-sibling::div[3]/span/button</arg>
<arg>5s</arg>
<doc>Waits until the element ``locator`` appears on the current page.</doc>
<status status="PASS" starttime="20240524 09:24:06.925" endtime="20240524 09:24:08.728"/>
</kw>
<status status="PASS" starttime="20240524 09:24:06.754" endtime="20240524 09:24:08.729"/>
</kw>
<kw name="input the customer end quantity" library="2Dkeyword">
<kw name="Click Element" library="SeleniumLibrary">
<arg>//span[contains(text(),"Customer End Quantity")]/parent::div/following-sibling::div[3]/span/button</arg>
<doc>Click the element identified by ``locator``.</doc>
<msg timestamp="20240524 09:24:08.733" level="INFO">Clicking element '//span[contains(text(),"Customer End Quantity")]/parent::div/following-sibling::div[3]/span/button'.</msg>
<msg timestamp="20240524 09:24:10.081" level="INFO" html="true">&lt;/td&gt;&lt;/tr&gt;&lt;tr&gt;&lt;td colspan="3"&gt;&lt;a href="selenium-screenshot-531.png"&gt;&lt;img src="selenium-screenshot-531.png" width="800px"&gt;&lt;/a&gt;</msg>
<msg timestamp="20240524 09:24:10.082" level="FAIL">ElementClickInterceptedException: Message: element click intercepted: Element &lt;button _ngcontent-whv-c427="" class="ng-star-inserted" style="cursor: pointer; background: none; border: none; color: red;"&gt;...&lt;/button&gt; is not clickable at point (619, 576). Other element would receive the click: &lt;svg _ngcontent-whv-c14="" version="1.1" id="smgSlogan" xmlns="http://www.w3.org/2000/svg" xmlns:xlink="http://www.w3.org/1999/xlink" x="0px" y="0px" viewBox="0 0 706 55.5" xml:space="preserve" style="enable-background: new 0 0 706 55.5;"&gt;...&lt;/svg&gt;
  (Session info: chrome=125.0.6422.78)
Stacktrace:
	GetHandleVerifier [0x00007FF73B501F22+60322]
	(No symbol) [0x00007FF73B47CE99]
	(No symbol) [0x00007FF73B337EBA]
	(No symbol) [0x00007FF73B38F32E]
	(No symbol) [0x00007FF73B38CCF2]
	(No symbol) [0x00007FF73B38A18B]
	(No symbol) [0x00007FF73B389356]
	(No symbol) [0x00007FF73B37B491]
	(No symbol) [0x00007FF73B3AC21A]
	(No symbol) [0x00007FF73B37ADB6]
	(No symbol) [0x00007FF73B3AC430]
	(No symbol) [0x00007FF73B3CBC80]
	(No symbol) [0x00007FF73B3ABFC3]
	(No symbol) [0x00007FF73B379617]
	(No symbol) [0x00007FF73B37A211]
	GetHandleVerifier [0x00007FF73B81946D+3301613]
	GetHandleVerifier [0x00007FF73B863693+3605267]
	GetHandleVerifier [0x00007FF73B859410+3563664]
	GetHandleVerifier [0x00007FF73B5B42F6+790390]
	(No symbol) [0x00007FF73B4874DF]
	(No symbol) [0x00007FF73B4833D4]
	(No symbol) [0x00007FF73B483562]
	(No symbol) [0x00007FF73B472F6F]
	BaseThreadInitThunk [0x00007FFF94DE7344+20]
	RtlUserThreadStart [0x00007FFF964026B1+33]
</msg>
<status status="FAIL" starttime="20240524 09:24:08.731" endtime="20240524 09:24:10.094"/>
</kw>
<kw name="Sleep" library="BuiltIn">
<arg>1s</arg>
<doc>Pauses the test executed for the given time.</doc>
<status status="NOT RUN" starttime="20240524 09:24:10.095" endtime="20240524 09:24:10.095"/>
</kw>
<status status="FAIL" starttime="20240524 09:24:08.729" endtime="20240524 09:24:10.096"/>
</kw>
<kw name="Enter the total number of Ok" library="2Dkeyword">
<arg>45</arg>
<arg>45</arg>
<status status="NOT RUN" starttime="20240524 09:24:10.097" endtime="20240524 09:24:10.097"/>
</kw>
<kw name="Click Element" library="SeleniumLibrary">
<arg>//span[contains(text(),"Customer End Quantity")]/parent::div/following-sibling::div[8]/span/mat-datepicker-toggle</arg>
<doc>Click the element identified by ``locator``.</doc>
<status status="NOT RUN" starttime="20240524 09:24:10.098" endtime="20240524 09:24:10.098"/>
</kw>
<kw name="Click Element" library="SeleniumLibrary">
<arg>//div[text()=' ${datetime} ']</arg>
<doc>Click the element identified by ``locator``.</doc>
<status status="NOT RUN" starttime="20240524 09:24:10.098" endtime="20240524 09:24:10.099"/>
</kw>
<kw name="input the customer end quantity other column data" library="2Dkeyword">
<status status="NOT RUN" starttime="20240524 09:24:10.099" endtime="20240524 09:24:10.099"/>
</kw>
<kw name="save the save and lock the customer end quantity data" library="2Dkeyword">
<status status="NOT RUN" starttime="20240524 09:24:10.100" endtime="20240524 09:24:10.100"/>
</kw>
<kw name="input the Customer's Other Locations" library="2Dkeyword">
<status status="NOT RUN" starttime="20240524 09:24:10.101" endtime="20240524 09:24:10.101"/>
</kw>
<kw name="Enter the total number of Ok" library="2Dkeyword">
<arg>45</arg>
<arg>11</arg>
<status status="NOT RUN" starttime="20240524 09:24:10.101" endtime="20240524 09:24:10.102"/>
</kw>
<kw name="input in Customer's Other Locations data" library="2Dkeyword">
<status status="NOT RUN" starttime="20240524 09:24:10.102" endtime="20240524 09:24:10.102"/>
</kw>
<kw name="Input the material in transist" library="2Dkeyword">
<status status="NOT RUN" starttime="20240524 09:24:10.103" endtime="20240524 09:24:10.103"/>
</kw>
<kw name="Enter the total number of Ok" library="2Dkeyword">
<arg>21</arg>
<arg>11</arg>
<status status="NOT RUN" starttime="20240524 09:24:10.103" endtime="20240524 09:24:10.104"/>
</kw>
<kw name="input in the the material in transist" library="2Dkeyword">
<status status="NOT RUN" starttime="20240524 09:24:10.104" endtime="20240524 09:24:10.104"/>
</kw>
<tag>twod</tag>
<status status="FAIL" starttime="20240524 09:23:17.576" endtime="20240524 09:24:10.105">ElementClickInterceptedException: Message: element click intercepted: Element &lt;button _ngcontent-whv-c427="" class="ng-star-inserted" style="cursor: pointer; background: none; border: none; color: red;"&gt;...&lt;/button&gt; is not clickable at point (619, 576). Other element would receive the click: &lt;svg _ngcontent-whv-c14="" version="1.1" id="smgSlogan" xmlns="http://www.w3.org/2000/svg" xmlns:xlink="http://www.w3.org/1999/xlink" x="0px" y="0px" viewBox="0 0 706 55.5" xml:space="preserve" style="enable-background: new 0 0 706 55.5;"&gt;...&lt;/svg&gt;
  (Session info: chrome=125.0.6422.78)
Stacktrace:
	GetHandleVerifier [0x00007FF73B501F22+60322]
	(No symbol) [0x00007FF73B47CE99]
	(No symbol) [0x00007FF73B337EBA]
	(No symbol) [0x00007FF73B38F32E]
	(No symbol) [0x00007FF73B38CCF2]
	(No symbol) [0x00007FF73B38A18B]
	(No symbol) [0x00007FF73B389356]
	(No symbol) [0x00007FF73B37B491]
	(No symbol) [0x00007FF73B3AC21A]
	(No symbol) [0x00007FF73B37ADB6]
	(No symbol) [0x00007FF73B3AC430]
	(No symbol) [0x00007FF73B3CBC80]
	(No symbol) [0x00007FF73B3ABFC3]
	(No symbol) [0x00007FF73B379617]
	(No symbol) [0x00007FF73B37A211]
	GetHandleVerifier [0x00007FF73B81946D+3301613]
	GetHandleVerifier [0x00007FF73B863693+3605267]
	GetHandleVerifier [0x00007FF73B859410+3563664]
	GetHandleVerifier [0x00007FF73B5B42F6+790390]
	(No symbol) [0x00007FF73B4874DF]
	(No symbol) [0x00007FF73B4833D4]
	(No symbol) [0x00007FF73B483562]
	(No symbol) [0x00007FF73B472F6F]
	BaseThreadInitThunk [0x00007FFF94DE7344+20]
	RtlUserThreadStart [0x00007FFF964026B1+33]
</status>
</test>
<status status="FAIL" starttime="20240524 09:23:17.318" endtime="20240524 09:24:10.108"/>
</suite>
<statistics>
<total>
<stat pass="0" fail="1" skip="0">All Tests</stat>
</total>
<tag>
<stat pass="0" fail="1" skip="0">twod</stat>
</tag>
<suite>
<stat pass="0" fail="1" skip="0" id="s1" name="2Dscreen">2Dscreen</stat>
</suite>
</statistics>
<errors>
</errors>
</robot>
