<?xml version="1.0" encoding="UTF-8"?>
<robot generator="Robot 6.1.1 (Python 3.10.10 on win32)" generated="20240201 15:11:58.558" rpa="false" schemaversion="4">
<suite id="s1" name="1D Automation" source="D:\Automation\TESTCASE\1D_Automation.robot">
<test id="s1-t1" name="this page naigae the webpage" line="12">
<kw name="start the browser" library="common_user">
<kw name="Open Browser" library="SeleniumLibrary">
<arg>http://172.29.58.29:2023/auth/login</arg>
<arg>chrome</arg>
<doc>Opens a new browser instance to the optional ``url``.</doc>
<msg timestamp="20240201 15:11:58.771" level="INFO">Opening browser 'chrome' to base url 'http://172.29.58.29:2023/auth/login'.</msg>
<status status="PASS" starttime="20240201 15:11:58.771" endtime="20240201 15:12:08.162"/>
</kw>
<kw name="Maximize Browser Window" library="SeleniumLibrary">
<doc>Maximizes current browser window.</doc>
<status status="PASS" starttime="20240201 15:12:08.162" endtime="20240201 15:12:08.283"/>
</kw>
<kw name="Sleep" library="BuiltIn">
<arg>5s</arg>
<doc>Pauses the test executed for the given time.</doc>
<msg timestamp="20240201 15:12:13.288" level="INFO">Slept 5 seconds</msg>
<status status="PASS" starttime="20240201 15:12:08.283" endtime="20240201 15:12:13.289"/>
</kw>
<status status="PASS" starttime="20240201 15:11:58.771" endtime="20240201 15:12:13.289"/>
</kw>
<kw name="this is used for the login and the password" library="common_user">
<kw name="Input Text" library="SeleniumLibrary">
<arg>//input[@placeholder='Username *']</arg>
<arg>Venkat_01</arg>
<doc>Types the given ``text`` into the text field identified by ``locator``.</doc>
<msg timestamp="20240201 15:12:13.289" level="INFO">Typing text 'Venkat_01' into text field '//input[@placeholder='Username *']'.</msg>
<status status="PASS" starttime="20240201 15:12:13.289" endtime="20240201 15:12:13.511"/>
</kw>
<kw name="Input Text" library="SeleniumLibrary">
<arg>//input[@placeholder='Password *']</arg>
<arg>12345678</arg>
<doc>Types the given ``text`` into the text field identified by ``locator``.</doc>
<msg timestamp="20240201 15:12:13.511" level="INFO">Typing text '12345678' into text field '//input[@placeholder='Password *']'.</msg>
<status status="PASS" starttime="20240201 15:12:13.511" endtime="20240201 15:12:13.700"/>
</kw>
<kw name="Sleep" library="BuiltIn">
<arg>5s</arg>
<doc>Pauses the test executed for the given time.</doc>
<msg timestamp="20240201 15:12:18.714" level="INFO">Slept 5 seconds</msg>
<status status="PASS" starttime="20240201 15:12:13.701" endtime="20240201 15:12:18.715"/>
</kw>
<kw name="Click Element" library="SeleniumLibrary">
<arg>//button[contains(text(), 'Login') ]</arg>
<doc>Click the element identified by ``locator``.</doc>
<msg timestamp="20240201 15:12:18.716" level="INFO">Clicking element '//button[contains(text(), 'Login') ]'.</msg>
<status status="PASS" starttime="20240201 15:12:18.715" endtime="20240201 15:12:18.791"/>
</kw>
<status status="PASS" starttime="20240201 15:12:13.289" endtime="20240201 15:12:18.791"/>
</kw>
<kw name="Sleep" library="BuiltIn">
<arg>5s</arg>
<doc>Pauses the test executed for the given time.</doc>
<msg timestamp="20240201 15:12:23.808" level="INFO">Slept 5 seconds</msg>
<status status="PASS" starttime="20240201 15:12:18.792" endtime="20240201 15:12:23.809"/>
</kw>
<kw name="Click Element" library="SeleniumLibrary">
<arg>//mat-icon[text()='credit_card']</arg>
<doc>Click the element identified by ``locator``.</doc>
<msg timestamp="20240201 15:12:23.810" level="INFO">Clicking element '//mat-icon[text()='credit_card']'.</msg>
<status status="PASS" starttime="20240201 15:12:23.809" endtime="20240201 15:12:23.944"/>
</kw>
<kw name="Sleep" library="BuiltIn">
<arg>5s</arg>
<doc>Pauses the test executed for the given time.</doc>
<msg timestamp="20240201 15:12:28.948" level="INFO">Slept 5 seconds</msg>
<status status="PASS" starttime="20240201 15:12:23.944" endtime="20240201 15:12:28.948"/>
</kw>
<kw name="Click Element" library="SeleniumLibrary">
<arg>//a[@href="/transaction/initiatorworkbench"]</arg>
<doc>Click the element identified by ``locator``.</doc>
<msg timestamp="20240201 15:12:28.951" level="INFO">Clicking element '//a[@href="/transaction/initiatorworkbench"]'.</msg>
<status status="PASS" starttime="20240201 15:12:28.949" endtime="20240201 15:12:29.064"/>
</kw>
<kw name="Sleep" library="BuiltIn">
<arg>2s</arg>
<doc>Pauses the test executed for the given time.</doc>
<msg timestamp="20240201 15:12:31.068" level="INFO">Slept 2 seconds</msg>
<status status="PASS" starttime="20240201 15:12:29.064" endtime="20240201 15:12:31.069"/>
</kw>
<kw name="Click Element" library="SeleniumLibrary">
<arg>//mat-icon[text()='cached']</arg>
<doc>Click the element identified by ``locator``.</doc>
<msg timestamp="20240201 15:12:31.070" level="INFO">Clicking element '//mat-icon[text()='cached']'.</msg>
<status status="PASS" starttime="20240201 15:12:31.069" endtime="20240201 15:12:31.693"/>
</kw>
<kw name="Sleep" library="BuiltIn">
<arg>3s</arg>
<doc>Pauses the test executed for the given time.</doc>
<msg timestamp="20240201 15:12:34.708" level="INFO">Slept 3 seconds</msg>
<status status="PASS" starttime="20240201 15:12:31.698" endtime="20240201 15:12:34.708"/>
</kw>
<kw name="Click Element" library="SeleniumLibrary">
<arg>//span[contains(text(),' New Concern')]</arg>
<doc>Click the element identified by ``locator``.</doc>
<msg timestamp="20240201 15:12:34.710" level="INFO">Clicking element '//span[contains(text(),' New Concern')]'.</msg>
<status status="PASS" starttime="20240201 15:12:34.709" endtime="20240201 15:12:35.243"/>
</kw>
<kw name="Sleep" library="BuiltIn">
<arg>1s</arg>
<doc>Pauses the test executed for the given time.</doc>
<msg timestamp="20240201 15:12:36.248" level="INFO">Slept 1 second</msg>
<status status="PASS" starttime="20240201 15:12:35.243" endtime="20240201 15:12:36.248"/>
</kw>
<kw name="Scroll Element Into View" library="SeleniumLibrary">
<arg>//*[@id="newConcern_unitid"]</arg>
<doc>Scrolls the element identified by ``locator`` into view.</doc>
<status status="PASS" starttime="20240201 15:12:36.248" endtime="20240201 15:12:36.582"/>
</kw>
<kw name="Sleep" library="BuiltIn">
<arg>2s</arg>
<doc>Pauses the test executed for the given time.</doc>
<msg timestamp="20240201 15:12:38.598" level="INFO">Slept 2 seconds</msg>
<status status="PASS" starttime="20240201 15:12:36.582" endtime="20240201 15:12:38.599"/>
</kw>
<kw name="Click Element" library="SeleniumLibrary">
<arg>//*[@id="newConcern_unitid"]</arg>
<doc>Click the element identified by ``locator``.</doc>
<msg timestamp="20240201 15:12:38.599" level="INFO">Clicking element '//*[@id="newConcern_unitid"]'.</msg>
<status status="PASS" starttime="20240201 15:12:38.599" endtime="20240201 15:12:38.705"/>
</kw>
<kw name="Sleep" library="BuiltIn">
<arg>2s</arg>
<doc>Pauses the test executed for the given time.</doc>
<msg timestamp="20240201 15:12:40.719" level="INFO">Slept 2 seconds</msg>
<status status="PASS" starttime="20240201 15:12:38.705" endtime="20240201 15:12:40.719"/>
</kw>
<kw name="Press Keys" library="SeleniumLibrary">
<arg>//div//input[@data-placeholder="Search"]</arg>
<arg>MSWIL</arg>
<doc>Simulates the user pressing key(s) to an element or on the active browser.</doc>
<msg timestamp="20240201 15:12:40.721" level="INFO">Sending key(s) ('MSWIL',) to //div//input[@data-placeholder="Search"] element.</msg>
<msg timestamp="20240201 15:12:41.048" level="INFO">Sending keys MSWIL</msg>
<status status="PASS" starttime="20240201 15:12:40.720" endtime="20240201 15:12:41.128"/>
</kw>
<kw name="Sleep" library="BuiltIn">
<arg>2s</arg>
<doc>Pauses the test executed for the given time.</doc>
<msg timestamp="20240201 15:12:43.148" level="INFO">Slept 2 seconds</msg>
<status status="PASS" starttime="20240201 15:12:41.131" endtime="20240201 15:12:43.149"/>
</kw>
<kw name="Press Keys" library="SeleniumLibrary">
<arg>//div//input[@data-placeholder="Search"]</arg>
<arg>ENTER</arg>
<doc>Simulates the user pressing key(s) to an element or on the active browser.</doc>
<msg timestamp="20240201 15:12:43.151" level="INFO">Sending key(s) ('ENTER',) to //div//input[@data-placeholder="Search"] element.</msg>
<msg timestamp="20240201 15:12:43.461" level="INFO">Pressing special key ENTER to element.</msg>
<msg timestamp="20240201 15:12:43.461" level="INFO">Releasing special key ENTER.</msg>
<status status="PASS" starttime="20240201 15:12:43.149" endtime="20240201 15:12:43.494"/>
</kw>
<kw name="Sleep" library="BuiltIn">
<arg>2s</arg>
<doc>Pauses the test executed for the given time.</doc>
<msg timestamp="20240201 15:12:45.508" level="INFO">Slept 2 seconds</msg>
<status status="PASS" starttime="20240201 15:12:43.494" endtime="20240201 15:12:45.508"/>
</kw>
<kw name="Click Element" library="SeleniumLibrary">
<arg>//button[@class="mat-focus-indicator mat-icon-button mat-button-base"]</arg>
<doc>Click the element identified by ``locator``.</doc>
<msg timestamp="20240201 15:12:45.508" level="INFO">Clicking element '//button[@class="mat-focus-indicator mat-icon-button mat-button-base"]'.</msg>
<status status="PASS" starttime="20240201 15:12:45.508" endtime="20240201 15:12:45.650"/>
</kw>
<kw name="Click Element" library="SeleniumLibrary">
<arg>//*[@class="mat-calendar-body-cell-content mat-focus-indicator mat-calendar-body-today"]</arg>
<doc>Click the element identified by ``locator``.</doc>
<msg timestamp="20240201 15:12:45.651" level="INFO">Clicking element '//*[@class="mat-calendar-body-cell-content mat-focus-indicator mat-calendar-body-today"]'.</msg>
<status status="PASS" starttime="20240201 15:12:45.651" endtime="20240201 15:12:45.768"/>
</kw>
<kw name="Sleep" library="BuiltIn">
<arg>1</arg>
<doc>Pauses the test executed for the given time.</doc>
<msg timestamp="20240201 15:12:46.778" level="INFO">Slept 1 second</msg>
<status status="PASS" starttime="20240201 15:12:45.769" endtime="20240201 15:12:46.779"/>
</kw>
<kw name="Click Element" library="SeleniumLibrary">
<arg>//*[@id="newConcern_isConcernLocked"]</arg>
<doc>Click the element identified by ``locator``.</doc>
<msg timestamp="20240201 15:12:46.779" level="INFO">Clicking element '//*[@id="newConcern_isConcernLocked"]'.</msg>
<status status="PASS" starttime="20240201 15:12:46.779" endtime="20240201 15:12:46.882"/>
</kw>
<kw name="Sleep" library="BuiltIn">
<arg>1</arg>
<doc>Pauses the test executed for the given time.</doc>
<msg timestamp="20240201 15:12:47.898" level="INFO">Slept 1 second</msg>
<status status="PASS" starttime="20240201 15:12:46.882" endtime="20240201 15:12:47.898"/>
</kw>
<kw name="Click Element" library="SeleniumLibrary">
<arg>//mat-option//span[text()=' Yes ']</arg>
<doc>Click the element identified by ``locator``.</doc>
<msg timestamp="20240201 15:12:47.900" level="INFO">Clicking element '//mat-option//span[text()=' Yes ']'.</msg>
<status status="PASS" starttime="20240201 15:12:47.898" endtime="20240201 15:12:48.014"/>
</kw>
<kw name="Sleep" library="BuiltIn">
<arg>1</arg>
<doc>Pauses the test executed for the given time.</doc>
<msg timestamp="20240201 15:12:49.028" level="INFO">Slept 1 second</msg>
<status status="PASS" starttime="20240201 15:12:48.014" endtime="20240201 15:12:49.028"/>
</kw>
<kw name="Click Element" library="SeleniumLibrary">
<arg>//*[@id="newConcern_concernCategoryId"]</arg>
<doc>Click the element identified by ``locator``.</doc>
<msg timestamp="20240201 15:12:49.031" level="INFO">Clicking element '//*[@id="newConcern_concernCategoryId"]'.</msg>
<status status="PASS" starttime="20240201 15:12:49.028" endtime="20240201 15:12:49.142"/>
</kw>
<kw name="Sleep" library="BuiltIn">
<arg>1s</arg>
<doc>Pauses the test executed for the given time.</doc>
<msg timestamp="20240201 15:12:50.148" level="INFO">Slept 1 second</msg>
<status status="PASS" starttime="20240201 15:12:49.142" endtime="20240201 15:12:50.148"/>
</kw>
<kw name="Click Element" library="SeleniumLibrary">
<arg>//span[text()=' A ']</arg>
<doc>Click the element identified by ``locator``.</doc>
<msg timestamp="20240201 15:12:50.151" level="INFO">Clicking element '//span[text()=' A ']'.</msg>
<status status="PASS" starttime="20240201 15:12:50.149" endtime="20240201 15:12:50.267"/>
</kw>
<kw name="Sleep" library="BuiltIn">
<arg>1s</arg>
<doc>Pauses the test executed for the given time.</doc>
<msg timestamp="20240201 15:12:51.270" level="INFO">Slept 1 second</msg>
<status status="PASS" starttime="20240201 15:12:50.268" endtime="20240201 15:12:51.271"/>
</kw>
<kw name="Click Element" library="SeleniumLibrary">
<arg>//*[@id="newConcern_winPerAtCustEnd"]</arg>
<doc>Click the element identified by ``locator``.</doc>
<msg timestamp="20240201 15:12:51.273" level="INFO">Clicking element '//*[@id="newConcern_winPerAtCustEnd"]'.</msg>
<status status="PASS" starttime="20240201 15:12:51.271" endtime="20240201 15:12:51.745"/>
</kw>
<kw name="Input Text" library="SeleniumLibrary">
<arg>//*[@id="newConcern_winPerAtCustEnd"]</arg>
<arg>Soumyaranjan</arg>
<doc>Types the given ``text`` into the text field identified by ``locator``.</doc>
<msg timestamp="20240201 15:12:51.745" level="INFO">Typing text 'Soumyaranjan' into text field '//*[@id="newConcern_winPerAtCustEnd"]'.</msg>
<status status="PASS" starttime="20240201 15:12:51.745" endtime="20240201 15:12:51.991"/>
</kw>
<kw name="Sleep" library="BuiltIn">
<arg>1s</arg>
<doc>Pauses the test executed for the given time.</doc>
<msg timestamp="20240201 15:12:52.998" level="INFO">Slept 1 second</msg>
<status status="PASS" starttime="20240201 15:12:51.991" endtime="20240201 15:12:52.998"/>
</kw>
<kw name="Input Text" library="SeleniumLibrary">
<arg>//*[@id="newConcern_custEndWinPerDep"]</arg>
<arg>Routray</arg>
<doc>Types the given ``text`` into the text field identified by ``locator``.</doc>
<msg timestamp="20240201 15:12:53.001" level="INFO">Typing text 'Routray' into text field '//*[@id="newConcern_custEndWinPerDep"]'.</msg>
<status status="PASS" starttime="20240201 15:12:53.000" endtime="20240201 15:12:53.207"/>
</kw>
<kw name="Sleep" library="BuiltIn">
<arg>1</arg>
<doc>Pauses the test executed for the given time.</doc>
<msg timestamp="20240201 15:12:54.218" level="INFO">Slept 1 second</msg>
<status status="PASS" starttime="20240201 15:12:53.208" endtime="20240201 15:12:54.218"/>
</kw>
<kw name="Click Element" library="SeleniumLibrary">
<arg>//mat-select[contains(@name, 'CustomerCode')]</arg>
<doc>Click the element identified by ``locator``.</doc>
<msg timestamp="20240201 15:12:54.219" level="INFO">Clicking element '//mat-select[contains(@name, 'CustomerCode')]'.</msg>
<status status="PASS" starttime="20240201 15:12:54.219" endtime="20240201 15:12:54.325"/>
</kw>
<kw name="Click Element" library="SeleniumLibrary">
<arg>//span[contains(text(),' TATA Motors ')]</arg>
<doc>Click the element identified by ``locator``.</doc>
<msg timestamp="20240201 15:12:54.328" level="INFO">Clicking element '//span[contains(text(),' TATA Motors ')]'.</msg>
<msg timestamp="20240201 15:12:54.548" level="INFO" html="true">&lt;/td&gt;&lt;/tr&gt;&lt;tr&gt;&lt;td colspan="3"&gt;&lt;a href="selenium-screenshot-2.png"&gt;&lt;img src="selenium-screenshot-2.png" width="800px"&gt;&lt;/a&gt;</msg>
<msg timestamp="20240201 15:12:54.552" level="FAIL">Element with locator '//span[contains(text(),' TATA Motors ')]' not found.</msg>
<status status="FAIL" starttime="20240201 15:12:54.328" endtime="20240201 15:12:54.561"/>
</kw>
<kw name="Sleep" library="BuiltIn">
<arg>1s</arg>
<doc>Pauses the test executed for the given time.</doc>
<status status="NOT RUN" starttime="20240201 15:12:54.561" endtime="20240201 15:12:54.561"/>
</kw>
<kw name="Click Element" library="SeleniumLibrary">
<arg>//*[@id="newConcern_selectedCustomerpdCode"]</arg>
<doc>Click the element identified by ``locator``.</doc>
<status status="NOT RUN" starttime="20240201 15:12:54.561" endtime="20240201 15:12:54.561"/>
</kw>
<kw name="Click Element" library="SeleniumLibrary">
<arg>//*[@id="newConcern_selectedCustomerpdCode"]/div/div[2]/ul[2]/li[1]/div</arg>
<doc>Click the element identified by ``locator``.</doc>
<status status="NOT RUN" starttime="20240201 15:12:54.561" endtime="20240201 15:12:54.561"/>
</kw>
<kw name="Click Element" library="SeleniumLibrary">
<arg>//*[@id="newConcern_selectedCustomerpdCode"]/div/div[2]/ul[2]/li[2]/div</arg>
<doc>Click the element identified by ``locator``.</doc>
<status status="NOT RUN" starttime="20240201 15:12:54.568" endtime="20240201 15:12:54.568"/>
</kw>
<kw name="Click Element" library="SeleniumLibrary">
<arg>//*[@id="newConcern_selectedCustomerpdCode"]/div/div[2]/ul[2]/li[3]/div</arg>
<doc>Click the element identified by ``locator``.</doc>
<status status="NOT RUN" starttime="20240201 15:12:54.570" endtime="20240201 15:12:54.570"/>
</kw>
<kw name="Sleep" library="BuiltIn">
<arg>1</arg>
<doc>Pauses the test executed for the given time.</doc>
<status status="NOT RUN" starttime="20240201 15:12:54.571" endtime="20240201 15:12:54.571"/>
</kw>
<kw name="Click Element" library="SeleniumLibrary">
<arg>//*[@id="newConcern_selectedItems"]</arg>
<doc>Click the element identified by ``locator``.</doc>
<status status="NOT RUN" starttime="20240201 15:12:54.571" endtime="20240201 15:12:54.571"/>
</kw>
<kw name="Click Element" library="SeleniumLibrary">
<arg>//*[@id="newConcern_selectedItems"]/div/div[2]/ul[2]/li[1]/div</arg>
<doc>Click the element identified by ``locator``.</doc>
<status status="NOT RUN" starttime="20240201 15:12:54.571" endtime="20240201 15:12:54.571"/>
</kw>
<kw name="Click Element" library="SeleniumLibrary">
<arg>//*[@id="newConcern_selectedItems"]/div/div[2]/ul[2]/li[2]/div</arg>
<doc>Click the element identified by ``locator``.</doc>
<status status="NOT RUN" starttime="20240201 15:12:54.571" endtime="20240201 15:12:54.571"/>
</kw>
<kw name="Sleep" library="BuiltIn">
<arg>1</arg>
<doc>Pauses the test executed for the given time.</doc>
<status status="NOT RUN" starttime="20240201 15:12:54.571" endtime="20240201 15:12:54.571"/>
</kw>
<kw name="Click Element" library="SeleniumLibrary">
<arg>//*[@id="newConcern_Quantity"]</arg>
<doc>Click the element identified by ``locator``.</doc>
<status status="NOT RUN" starttime="20240201 15:12:54.571" endtime="20240201 15:12:54.571"/>
</kw>
<kw name="Sleep" library="BuiltIn">
<arg>1</arg>
<doc>Pauses the test executed for the given time.</doc>
<status status="NOT RUN" starttime="20240201 15:12:54.578" endtime="20240201 15:12:54.578"/>
</kw>
<kw name="Input Text" library="SeleniumLibrary">
<arg>xpath=/html/body/div[4]/div[2]/div/mat-dialog-container/app-stock-quantity-dialouge/div/mat-card/gui-grid/gui-structure/div[1]/div[3]/div/div/div/div[1]/div[2]/span/input</arg>
<arg>20</arg>
<doc>Types the given ``text`` into the text field identified by ``locator``.</doc>
<status status="NOT RUN" starttime="20240201 15:12:54.580" endtime="20240201 15:12:54.580"/>
</kw>
<kw name="Sleep" library="BuiltIn">
<arg>2s</arg>
<doc>Pauses the test executed for the given time.</doc>
<status status="NOT RUN" starttime="20240201 15:12:54.580" endtime="20240201 15:12:54.580"/>
</kw>
<kw name="Input Text" library="SeleniumLibrary">
<arg>xpath=/html/body/div[4]/div[2]/div/mat-dialog-container/app-stock-quantity-dialouge/div/mat-card/gui-grid/gui-structure/div[1]/div[3]/div/div/div/div[1]/div[3]/span/input</arg>
<arg>30</arg>
<doc>Types the given ``text`` into the text field identified by ``locator``.</doc>
<status status="NOT RUN" starttime="20240201 15:12:54.580" endtime="20240201 15:12:54.580"/>
</kw>
<kw name="Input Text" library="SeleniumLibrary">
<arg>xpath=/html/body/div[4]/div[2]/div/mat-dialog-container/app-stock-quantity-dialouge/div/mat-card/gui-grid/gui-structure/div[1]/div[3]/div/div/div/div[1]/div[4]/span/input</arg>
<arg>35</arg>
<doc>Types the given ``text`` into the text field identified by ``locator``.</doc>
<status status="NOT RUN" starttime="20240201 15:12:54.580" endtime="20240201 15:12:54.580"/>
</kw>
<kw name="Sleep" library="BuiltIn">
<arg>1</arg>
<doc>Pauses the test executed for the given time.</doc>
<status status="NOT RUN" starttime="20240201 15:12:54.580" endtime="20240201 15:12:54.580"/>
</kw>
<kw name="Input Text" library="SeleniumLibrary">
<arg>xpath=/html/body/div[4]/div[2]/div/mat-dialog-container/app-stock-quantity-dialouge/div/mat-card/gui-grid/gui-structure/div[1]/div[3]/div/div/div/div[2]/div[2]/span/input</arg>
<arg>40</arg>
<doc>Types the given ``text`` into the text field identified by ``locator``.</doc>
<status status="NOT RUN" starttime="20240201 15:12:54.580" endtime="20240201 15:12:54.580"/>
</kw>
<kw name="Input Text" library="SeleniumLibrary">
<arg>xpath=/html/body/div[4]/div[2]/div/mat-dialog-container/app-stock-quantity-dialouge/div/mat-card/gui-grid/gui-structure/div[1]/div[3]/div/div/div/div[2]/div[3]/span/input</arg>
<arg>50</arg>
<doc>Types the given ``text`` into the text field identified by ``locator``.</doc>
<status status="NOT RUN" starttime="20240201 15:12:54.580" endtime="20240201 15:12:54.580"/>
</kw>
<kw name="Input Text" library="SeleniumLibrary">
<arg>xpath=/html/body/div[4]/div[2]/div/mat-dialog-container/app-stock-quantity-dialouge/div/mat-card/gui-grid/gui-structure/div[1]/div[3]/div/div/div/div[2]/div[4]/span/input</arg>
<arg>60</arg>
<doc>Types the given ``text`` into the text field identified by ``locator``.</doc>
<status status="NOT RUN" starttime="20240201 15:12:54.580" endtime="20240201 15:12:54.580"/>
</kw>
<kw name="Sleep" library="BuiltIn">
<arg>1</arg>
<doc>Pauses the test executed for the given time.</doc>
<status status="NOT RUN" starttime="20240201 15:12:54.580" endtime="20240201 15:12:54.580"/>
</kw>
<kw name="Click Element" library="SeleniumLibrary">
<arg>//button//span[text()=' Add ']</arg>
<doc>Click the element identified by ``locator``.</doc>
<status status="NOT RUN" starttime="20240201 15:12:54.580" endtime="20240201 15:12:54.580"/>
</kw>
<kw name="Sleep" library="BuiltIn">
<arg>1</arg>
<doc>Pauses the test executed for the given time.</doc>
<status status="NOT RUN" starttime="20240201 15:12:54.580" endtime="20240201 15:12:54.580"/>
</kw>
<kw name="Click Element" library="SeleniumLibrary">
<arg>//mat-slide-toggle[@id="newConcern_isCountable"]</arg>
<doc>Click the element identified by ``locator``.</doc>
<status status="NOT RUN" starttime="20240201 15:12:54.580" endtime="20240201 15:12:54.580"/>
</kw>
<kw name="Sleep" library="BuiltIn">
<arg>1</arg>
<doc>Pauses the test executed for the given time.</doc>
<status status="NOT RUN" starttime="20240201 15:12:54.580" endtime="20240201 15:12:54.580"/>
</kw>
<kw name="Click Element" library="SeleniumLibrary">
<arg>//*[@id="newConcern_defectiveQuantity"]</arg>
<doc>Click the element identified by ``locator``.</doc>
<status status="NOT RUN" starttime="20240201 15:12:54.580" endtime="20240201 15:12:54.580"/>
</kw>
<kw name="Input Text" library="SeleniumLibrary">
<arg>//input[@id="newConcern_defectiveQuantity"]</arg>
<arg>20</arg>
<doc>Types the given ``text`` into the text field identified by ``locator``.</doc>
<status status="NOT RUN" starttime="20240201 15:12:54.587" endtime="20240201 15:12:54.587"/>
</kw>
<kw name="Sleep" library="BuiltIn">
<arg>1</arg>
<doc>Pauses the test executed for the given time.</doc>
<status status="NOT RUN" starttime="20240201 15:12:54.588" endtime="20240201 15:12:54.588"/>
</kw>
<kw name="Click Element" library="SeleniumLibrary">
<arg>//*[@id="newConcern_concernDesc"]</arg>
<doc>Click the element identified by ``locator``.</doc>
<status status="NOT RUN" starttime="20240201 15:12:54.588" endtime="20240201 15:12:54.591"/>
</kw>
<kw name="Input Text" library="SeleniumLibrary">
<arg>//*[@id="newConcern_concernDesc"]</arg>
<arg>this concern creation script is created by soumyaranjan routray</arg>
<doc>Types the given ``text`` into the text field identified by ``locator``.</doc>
<status status="NOT RUN" starttime="20240201 15:12:54.591" endtime="20240201 15:12:54.591"/>
</kw>
<kw name="Sleep" library="BuiltIn">
<arg>3s</arg>
<doc>Pauses the test executed for the given time.</doc>
<status status="NOT RUN" starttime="20240201 15:12:54.591" endtime="20240201 15:12:54.591"/>
</kw>
<kw name="Scroll Element Into View" library="SeleniumLibrary">
<arg>//div[@id="cdk-step-content-0-1"]</arg>
<doc>Scrolls the element identified by ``locator`` into view.</doc>
<status status="NOT RUN" starttime="20240201 15:12:54.591" endtime="20240201 15:12:54.591"/>
</kw>
<kw name="Sleep" library="BuiltIn">
<arg>2s</arg>
<doc>Pauses the test executed for the given time.</doc>
<status status="NOT RUN" starttime="20240201 15:12:54.591" endtime="20240201 15:12:54.591"/>
</kw>
<kw name="Click Element" library="SeleniumLibrary">
<arg>//*[@id="newConcern_concernTypeID"]</arg>
<doc>Click the element identified by ``locator``.</doc>
<status status="NOT RUN" starttime="20240201 15:12:54.591" endtime="20240201 15:12:54.591"/>
</kw>
<kw name="Click Element" library="SeleniumLibrary">
<arg>//span[text()=" Delivery "]</arg>
<doc>Click the element identified by ``locator``.</doc>
<status status="NOT RUN" starttime="20240201 15:12:54.598" endtime="20240201 15:12:54.598"/>
</kw>
<kw name="Sleep" library="BuiltIn">
<arg>1</arg>
<doc>Pauses the test executed for the given time.</doc>
<status status="NOT RUN" starttime="20240201 15:12:54.598" endtime="20240201 15:12:54.598"/>
</kw>
<kw name="Click Element" library="SeleniumLibrary">
<arg>//*[@id="newConcern_natureofconcernID"]</arg>
<doc>Click the element identified by ``locator``.</doc>
<status status="NOT RUN" starttime="20240201 15:12:54.600" endtime="20240201 15:12:54.600"/>
</kw>
<kw name="Click Element" library="SeleniumLibrary">
<arg>//span[text()=" Samples rejection "]</arg>
<doc>Click the element identified by ``locator``.</doc>
<status status="NOT RUN" starttime="20240201 15:12:54.600" endtime="20240201 15:12:54.600"/>
</kw>
<kw name="Sleep" library="BuiltIn">
<arg>1</arg>
<doc>Pauses the test executed for the given time.</doc>
<status status="NOT RUN" starttime="20240201 15:12:54.600" endtime="20240201 15:12:54.600"/>
</kw>
<kw name="Click Element" library="SeleniumLibrary">
<arg>//*[@id="newConcern_isconviregd"]</arg>
<doc>Click the element identified by ``locator``.</doc>
<status status="NOT RUN" starttime="20240201 15:12:54.600" endtime="20240201 15:12:54.600"/>
</kw>
<kw name="Sleep" library="BuiltIn">
<arg>1</arg>
<doc>Pauses the test executed for the given time.</doc>
<status status="NOT RUN" starttime="20240201 15:12:54.600" endtime="20240201 15:12:54.600"/>
</kw>
<kw name="Click Element" library="SeleniumLibrary">
<arg>//mat-option//span[text()=" Yes "]</arg>
<doc>Click the element identified by ``locator``.</doc>
<status status="NOT RUN" starttime="20240201 15:12:54.600" endtime="20240201 15:12:54.600"/>
</kw>
<kw name="Sleep" library="BuiltIn">
<arg>2s</arg>
<doc>Pauses the test executed for the given time.</doc>
<status status="NOT RUN" starttime="20240201 15:12:54.600" endtime="20240201 15:12:54.600"/>
</kw>
<kw name="Click Element" library="SeleniumLibrary">
<arg>xpath=/html/body/app-root/app-admin-layout/div/mat-sidenav-container/mat-sidenav-content/div/app-concern-login/div[1]/mat-horizontal-stepper/div/div[2]/div[1]/div[1]/div/div[6]/div[4]/mat-form-field/div/div[1]/div[3]/mat-datepicker-toggle/button</arg>
<doc>Click the element identified by ``locator``.</doc>
<status status="NOT RUN" starttime="20240201 15:12:54.600" endtime="20240201 15:12:54.606"/>
</kw>
<kw name="Sleep" library="BuiltIn">
<arg>1s</arg>
<doc>Pauses the test executed for the given time.</doc>
<status status="NOT RUN" starttime="20240201 15:12:54.607" endtime="20240201 15:12:54.607"/>
</kw>
<kw name="Click Element" library="SeleniumLibrary">
<arg>//*[@class="mat-calendar-body-cell-content mat-focus-indicator mat-calendar-body-today"]</arg>
<doc>Click the element identified by ``locator``.</doc>
<status status="NOT RUN" starttime="20240201 15:12:54.608" endtime="20240201 15:12:54.608"/>
</kw>
<kw name="Click Element" library="SeleniumLibrary">
<arg>//*[@id="newConcern_isCrmreqdtcust"]</arg>
<doc>Click the element identified by ``locator``.</doc>
<status status="NOT RUN" starttime="20240201 15:12:54.608" endtime="20240201 15:12:54.608"/>
</kw>
<kw name="Sleep" library="BuiltIn">
<arg>2s</arg>
<doc>Pauses the test executed for the given time.</doc>
<status status="NOT RUN" starttime="20240201 15:12:54.608" endtime="20240201 15:12:54.608"/>
</kw>
<kw name="Click Element" library="SeleniumLibrary">
<arg>//div//mat-option//span[text()=' Yes ']</arg>
<doc>Click the element identified by ``locator``.</doc>
<status status="NOT RUN" starttime="20240201 15:12:54.608" endtime="20240201 15:12:54.608"/>
</kw>
<kw name="Sleep" library="BuiltIn">
<arg>1</arg>
<doc>Pauses the test executed for the given time.</doc>
<status status="NOT RUN" starttime="20240201 15:12:54.611" endtime="20240201 15:12:54.611"/>
</kw>
<kw name="Click Element" library="SeleniumLibrary">
<arg>//*[@id="newConcern_isPriRepReqdtCust"]</arg>
<doc>Click the element identified by ``locator``.</doc>
<status status="NOT RUN" starttime="20240201 15:12:54.611" endtime="20240201 15:12:54.611"/>
</kw>
<kw name="Sleep" library="BuiltIn">
<arg>1s</arg>
<doc>Pauses the test executed for the given time.</doc>
<status status="NOT RUN" starttime="20240201 15:12:54.611" endtime="20240201 15:12:54.611"/>
</kw>
<kw name="Click Element" library="SeleniumLibrary">
<arg>//div//mat-option//span[text()=' Yes ']</arg>
<doc>Click the element identified by ``locator``.</doc>
<status status="NOT RUN" starttime="20240201 15:12:54.611" endtime="20240201 15:12:54.611"/>
</kw>
<kw name="Sleep" library="BuiltIn">
<arg>1</arg>
<doc>Pauses the test executed for the given time.</doc>
<status status="NOT RUN" starttime="20240201 15:12:54.611" endtime="20240201 15:12:54.611"/>
</kw>
<kw name="Click Element" library="SeleniumLibrary">
<arg>//*[@id="newConcern_whtypeID"]</arg>
<doc>Click the element identified by ``locator``.</doc>
<status status="NOT RUN" starttime="20240201 15:12:54.611" endtime="20240201 15:12:54.611"/>
</kw>
<kw name="Click Element" library="SeleniumLibrary">
<arg>//span[text()=" Testings "]</arg>
<doc>Click the element identified by ``locator``.</doc>
<status status="NOT RUN" starttime="20240201 15:12:54.611" endtime="20240201 15:12:54.611"/>
</kw>
<kw name="Sleep" library="BuiltIn">
<arg>1</arg>
<doc>Pauses the test executed for the given time.</doc>
<status status="NOT RUN" starttime="20240201 15:12:54.611" endtime="20240201 15:12:54.611"/>
</kw>
<kw name="Click Element" library="SeleniumLibrary">
<arg>//*[@id="newConcern_problemDesc"]</arg>
<doc>Click the element identified by ``locator``.</doc>
<status status="NOT RUN" starttime="20240201 15:12:54.611" endtime="20240201 15:12:54.611"/>
</kw>
<kw name="Input Text" library="SeleniumLibrary">
<arg>//*[@id="newConcern_problemDesc"]</arg>
<arg>hello,my concern is created sucessfully</arg>
<doc>Types the given ``text`` into the text field identified by ``locator``.</doc>
<status status="NOT RUN" starttime="20240201 15:12:54.611" endtime="20240201 15:12:54.611"/>
</kw>
<kw name="Sleep" library="BuiltIn">
<arg>1</arg>
<doc>Pauses the test executed for the given time.</doc>
<status status="NOT RUN" starttime="20240201 15:12:54.611" endtime="20240201 15:12:54.611"/>
</kw>
<kw name="Click Element" library="SeleniumLibrary">
<arg>//button[@id="newConcern_save"]</arg>
<doc>Click the element identified by ``locator``.</doc>
<status status="NOT RUN" starttime="20240201 15:12:54.611" endtime="20240201 15:12:54.611"/>
</kw>
<kw name="Sleep" library="BuiltIn">
<arg>2s</arg>
<doc>Pauses the test executed for the given time.</doc>
<status status="NOT RUN" starttime="20240201 15:12:54.611" endtime="20240201 15:12:54.611"/>
</kw>
<kw name="Click Element" library="SeleniumLibrary">
<arg>//button[@id="newConcern_submitLockNewConcern"]</arg>
<doc>Click the element identified by ``locator``.</doc>
<status status="NOT RUN" starttime="20240201 15:12:54.611" endtime="20240201 15:12:54.611"/>
</kw>
<kw name="Sleep" library="BuiltIn">
<arg>2s</arg>
<doc>Pauses the test executed for the given time.</doc>
<status status="NOT RUN" starttime="20240201 15:12:54.611" endtime="20240201 15:12:54.611"/>
</kw>
<kw name="Click Element" library="SeleniumLibrary">
<arg>//button//span[text()=" Yes "]</arg>
<doc>Click the element identified by ``locator``.</doc>
<status status="NOT RUN" starttime="20240201 15:12:54.611" endtime="20240201 15:12:54.611"/>
</kw>
<kw name="Sleep" library="BuiltIn">
<arg>2s</arg>
<doc>Pauses the test executed for the given time.</doc>
<status status="NOT RUN" starttime="20240201 15:12:54.611" endtime="20240201 15:12:54.611"/>
</kw>
<kw name="Scroll Element Into View" library="SeleniumLibrary">
<arg>//span[text()='Editable']</arg>
<doc>Scrolls the element identified by ``locator`` into view.</doc>
<status status="NOT RUN" starttime="20240201 15:12:54.611" endtime="20240201 15:12:54.611"/>
</kw>
<kw name="Sleep" library="BuiltIn">
<arg>2s</arg>
<doc>Pauses the test executed for the given time.</doc>
<status status="NOT RUN" starttime="20240201 15:12:54.611" endtime="20240201 15:12:54.611"/>
</kw>
<kw name="Click Element" library="SeleniumLibrary">
<arg>//*[text()='Part Concern Details']</arg>
<doc>Click the element identified by ``locator``.</doc>
<status status="NOT RUN" starttime="20240201 15:12:54.618" endtime="20240201 15:12:54.618"/>
</kw>
<kw name="Sleep" library="BuiltIn">
<arg>5s</arg>
<doc>Pauses the test executed for the given time.</doc>
<status status="NOT RUN" starttime="20240201 15:12:54.618" endtime="20240201 15:12:54.618"/>
</kw>
<kw name="Click Element" library="SeleniumLibrary">
<arg>//*[@id="newConcern_isConcernRToPart"]</arg>
<doc>Click the element identified by ``locator``.</doc>
<status status="NOT RUN" starttime="20240201 15:12:54.622" endtime="20240201 15:12:54.622"/>
</kw>
<kw name="Click Element" library="SeleniumLibrary">
<arg>//div//mat-option//span[text()=' Yes ']</arg>
<doc>Click the element identified by ``locator``.</doc>
<status status="NOT RUN" starttime="20240201 15:12:54.622" endtime="20240201 15:12:54.622"/>
</kw>
<kw name="Sleep" library="BuiltIn">
<arg>1</arg>
<doc>Pauses the test executed for the given time.</doc>
<status status="NOT RUN" starttime="20240201 15:12:54.622" endtime="20240201 15:12:54.622"/>
</kw>
<kw name="Click Element" library="SeleniumLibrary">
<arg>//span[text()="Select"]</arg>
<doc>Click the element identified by ``locator``.</doc>
<status status="NOT RUN" starttime="20240201 15:12:54.622" endtime="20240201 15:12:54.622"/>
</kw>
<kw name="Click Element" library="SeleniumLibrary">
<arg>//*[@id="newConcern_selectMsslptCode"]/div/div[2]/ul[2]/li[1]/div</arg>
<doc>Click the element identified by ``locator``.</doc>
<status status="NOT RUN" starttime="20240201 15:12:54.622" endtime="20240201 15:12:54.622"/>
</kw>
<kw name="Click Element" library="SeleniumLibrary">
<arg>//*[@id="newConcern_selectMsslptCode"]/div/div[2]/ul[2]/li[2]/div</arg>
<doc>Click the element identified by ``locator``.</doc>
<status status="NOT RUN" starttime="20240201 15:12:54.622" endtime="20240201 15:12:54.622"/>
</kw>
<kw name="Click Element" library="SeleniumLibrary">
<arg>//*[@id="newConcern_selectMsslptCode"]/div/div[2]/ul[2]/li[3]/div</arg>
<doc>Click the element identified by ``locator``.</doc>
<status status="NOT RUN" starttime="20240201 15:12:54.622" endtime="20240201 15:12:54.622"/>
</kw>
<kw name="Sleep" library="BuiltIn">
<arg>1</arg>
<doc>Pauses the test executed for the given time.</doc>
<status status="NOT RUN" starttime="20240201 15:12:54.622" endtime="20240201 15:12:54.622"/>
</kw>
<kw name="Click Element" library="SeleniumLibrary">
<arg>//*[@id='newConcern_SuppliercodeName']</arg>
<doc>Click the element identified by ``locator``.</doc>
<status status="NOT RUN" starttime="20240201 15:12:54.622" endtime="20240201 15:12:54.622"/>
</kw>
<kw name="Sleep" library="BuiltIn">
<arg>2</arg>
<doc>Pauses the test executed for the given time.</doc>
<status status="NOT RUN" starttime="20240201 15:12:54.622" endtime="20240201 15:12:54.622"/>
</kw>
<kw name="Click Element" library="SeleniumLibrary">
<arg>xpath=/html/body/div[4]/div[2]/div/mat-dialog-container/app-part-suppiler-details/div/mat-card[1]/table/tbody/tr[1]/td[2]/mat-select/div/div[1]</arg>
<doc>Click the element identified by ``locator``.</doc>
<status status="NOT RUN" starttime="20240201 15:12:54.622" endtime="20240201 15:12:54.622"/>
</kw>
<kw name="Sleep" library="BuiltIn">
<arg>1</arg>
<doc>Pauses the test executed for the given time.</doc>
<status status="NOT RUN" starttime="20240201 15:12:54.622" endtime="20240201 15:12:54.622"/>
</kw>
<kw name="Click Element" library="SeleniumLibrary">
<arg>xpath=/html/body/div[4]/div[4]/div/div/div/mat-option[1]/span</arg>
<doc>Click the element identified by ``locator``.</doc>
<status status="NOT RUN" starttime="20240201 15:12:54.622" endtime="20240201 15:12:54.622"/>
</kw>
<kw name="Sleep" library="BuiltIn">
<arg>1</arg>
<doc>Pauses the test executed for the given time.</doc>
<status status="NOT RUN" starttime="20240201 15:12:54.622" endtime="20240201 15:12:54.622"/>
</kw>
<kw name="Click Element" library="SeleniumLibrary">
<arg>xpath=/html/body/div[4]/div[2]/div/mat-dialog-container/app-part-suppiler-details/div/mat-card[1]/table/tbody/tr[2]/td[2]/mat-select/div/div[1]/span</arg>
<doc>Click the element identified by ``locator``.</doc>
<status status="NOT RUN" starttime="20240201 15:12:54.628" endtime="20240201 15:12:54.628"/>
</kw>
<kw name="Click Element" library="SeleniumLibrary">
<arg>xpath=/html/body/div[4]/div[4]/div/div/div/mat-option[2]/span</arg>
<doc>Click the element identified by ``locator``.</doc>
<status status="NOT RUN" starttime="20240201 15:12:54.628" endtime="20240201 15:12:54.628"/>
</kw>
<kw name="Sleep" library="BuiltIn">
<arg>1</arg>
<doc>Pauses the test executed for the given time.</doc>
<status status="NOT RUN" starttime="20240201 15:12:54.629" endtime="20240201 15:12:54.629"/>
</kw>
<kw name="Click Element" library="SeleniumLibrary">
<arg>xpath=/html/body/div[4]/div[2]/div/mat-dialog-container/app-part-suppiler-details/div/mat-card[1]/table/tbody/tr[3]/td[2]/mat-select/div/div[1]/span</arg>
<doc>Click the element identified by ``locator``.</doc>
<status status="NOT RUN" starttime="20240201 15:12:54.629" endtime="20240201 15:12:54.629"/>
</kw>
<kw name="Click Element" library="SeleniumLibrary">
<arg>xpath=/html/body/div[4]/div[4]/div/div/div/mat-option[3]/span</arg>
<doc>Click the element identified by ``locator``.</doc>
<status status="NOT RUN" starttime="20240201 15:12:54.629" endtime="20240201 15:12:54.629"/>
</kw>
<kw name="Sleep" library="BuiltIn">
<arg>1</arg>
<doc>Pauses the test executed for the given time.</doc>
<status status="NOT RUN" starttime="20240201 15:12:54.631" endtime="20240201 15:12:54.631"/>
</kw>
<kw name="Click Element" library="SeleniumLibrary">
<arg>//span[contains(text(),"Add")]</arg>
<doc>Click the element identified by ``locator``.</doc>
<status status="NOT RUN" starttime="20240201 15:12:54.631" endtime="20240201 15:12:54.631"/>
</kw>
<kw name="Sleep" library="BuiltIn">
<arg>1</arg>
<doc>Pauses the test executed for the given time.</doc>
<status status="NOT RUN" starttime="20240201 15:12:54.631" endtime="20240201 15:12:54.631"/>
</kw>
<kw name="Click Element" library="SeleniumLibrary">
<arg>xpath://*[@id="newConcern_concernGeneratedArea"]</arg>
<doc>Click the element identified by ``locator``.</doc>
<status status="NOT RUN" starttime="20240201 15:12:54.631" endtime="20240201 15:12:54.636"/>
</kw>
<kw name="Click Element" library="SeleniumLibrary">
<arg>xpath://span[text()=" Quality Control "]</arg>
<doc>Click the element identified by ``locator``.</doc>
<status status="NOT RUN" starttime="20240201 15:12:54.641" endtime="20240201 15:12:54.641"/>
</kw>
<kw name="Sleep" library="BuiltIn">
<arg>1</arg>
<doc>Pauses the test executed for the given time.</doc>
<status status="NOT RUN" starttime="20240201 15:12:54.641" endtime="20240201 15:12:54.641"/>
</kw>
<kw name="Click Element" library="SeleniumLibrary">
<arg>//*[@id="newConcern_defectCode"]</arg>
<doc>Click the element identified by ``locator``.</doc>
<status status="NOT RUN" starttime="20240201 15:12:54.641" endtime="20240201 15:12:54.641"/>
</kw>
<kw name="Click Element" library="SeleniumLibrary">
<arg>//span[text()=" ASS011 "]</arg>
<doc>Click the element identified by ``locator``.</doc>
<status status="NOT RUN" starttime="20240201 15:12:54.641" endtime="20240201 15:12:54.641"/>
</kw>
<kw name="Sleep" library="BuiltIn">
<arg>1</arg>
<doc>Pauses the test executed for the given time.</doc>
<status status="NOT RUN" starttime="20240201 15:12:54.641" endtime="20240201 15:12:54.641"/>
</kw>
<kw name="Input Text" library="SeleniumLibrary">
<arg>//input[@placeholder="W/H Running since"]</arg>
<arg>2023</arg>
<doc>Types the given ``text`` into the text field identified by ``locator``.</doc>
<status status="NOT RUN" starttime="20240201 15:12:54.641" endtime="20240201 15:12:54.641"/>
</kw>
<kw name="Sleep" library="BuiltIn">
<arg>1</arg>
<doc>Pauses the test executed for the given time.</doc>
<status status="NOT RUN" starttime="20240201 15:12:54.641" endtime="20240201 15:12:54.641"/>
</kw>
<kw name="Click Element" library="SeleniumLibrary">
<arg>//*[@id="newConcern_dispatchedQty"]</arg>
<doc>Click the element identified by ``locator``.</doc>
<status status="NOT RUN" starttime="20240201 15:12:54.641" endtime="20240201 15:12:54.641"/>
</kw>
<kw name="Input Text" library="SeleniumLibrary">
<arg>//*[@id="newConcern_dispatchedQty"]</arg>
<arg>500</arg>
<doc>Types the given ``text`` into the text field identified by ``locator``.</doc>
<status status="NOT RUN" starttime="20240201 15:12:54.641" endtime="20240201 15:12:54.641"/>
</kw>
<kw name="Sleep" library="BuiltIn">
<arg>1</arg>
<doc>Pauses the test executed for the given time.</doc>
<status status="NOT RUN" starttime="20240201 15:12:54.641" endtime="20240201 15:12:54.641"/>
</kw>
<kw name="Click Element" library="SeleniumLibrary">
<arg>//input[@placeholder="No of W/h dispatched in suspected lot:"]</arg>
<doc>Click the element identified by ``locator``.</doc>
<status status="NOT RUN" starttime="20240201 15:12:54.641" endtime="20240201 15:12:54.641"/>
</kw>
<kw name="Input Text" library="SeleniumLibrary">
<arg>//input[@placeholder="No of W/h dispatched in suspected lot:"]</arg>
<arg>13</arg>
<doc>Types the given ``text`` into the text field identified by ``locator``.</doc>
<status status="NOT RUN" starttime="20240201 15:12:54.648" endtime="20240201 15:12:54.648"/>
</kw>
<kw name="Sleep" library="BuiltIn">
<arg>1</arg>
<doc>Pauses the test executed for the given time.</doc>
<status status="NOT RUN" starttime="20240201 15:12:54.648" endtime="20240201 15:12:54.648"/>
</kw>
<kw name="Click Element" library="SeleniumLibrary">
<arg>//*[@id="newConcern_connectorNo"]</arg>
<doc>Click the element identified by ``locator``.</doc>
<status status="NOT RUN" starttime="20240201 15:12:54.648" endtime="20240201 15:12:54.648"/>
</kw>
<kw name="Input Text" library="SeleniumLibrary">
<arg>//*[@id="newConcern_connectorNo"]</arg>
<arg>10</arg>
<doc>Types the given ``text`` into the text field identified by ``locator``.</doc>
<status status="NOT RUN" starttime="20240201 15:12:54.650" endtime="20240201 15:12:54.650"/>
</kw>
<kw name="Sleep" library="BuiltIn">
<arg>1</arg>
<doc>Pauses the test executed for the given time.</doc>
<status status="NOT RUN" starttime="20240201 15:12:54.650" endtime="20240201 15:12:54.650"/>
</kw>
<kw name="Click Element" library="SeleniumLibrary">
<arg>//ng-multiselect-dropdown[@id="newConcern_selectedOtherAreaProcess"]</arg>
<doc>Click the element identified by ``locator``.</doc>
<status status="NOT RUN" starttime="20240201 15:12:54.650" endtime="20240201 15:12:54.650"/>
</kw>
<kw name="Sleep" library="BuiltIn">
<arg>1s</arg>
<doc>Pauses the test executed for the given time.</doc>
<status status="NOT RUN" starttime="20240201 15:12:54.650" endtime="20240201 15:12:54.650"/>
</kw>
<kw name="Click Element" library="SeleniumLibrary">
<arg>//div[text()='Warranty']</arg>
<doc>Click the element identified by ``locator``.</doc>
<status status="NOT RUN" starttime="20240201 15:12:54.650" endtime="20240201 15:12:54.650"/>
</kw>
<kw name="Sleep" library="BuiltIn">
<arg>2s</arg>
<doc>Pauses the test executed for the given time.</doc>
<status status="NOT RUN" starttime="20240201 15:12:54.650" endtime="20240201 15:12:54.650"/>
</kw>
<kw name="Press Keys" library="SeleniumLibrary">
<arg>//ng-multiselect-dropdown[@id="newConcern_selectedOtherAreaProcess"]</arg>
<arg>TAB</arg>
<doc>Simulates the user pressing key(s) to an element or on the active browser.</doc>
<status status="NOT RUN" starttime="20240201 15:12:54.650" endtime="20240201 15:12:54.650"/>
</kw>
<kw name="Execute Javascript" library="SeleniumLibrary">
<arg>window.scrollTo(0, document.body.scrollHeight)</arg>
<doc>Executes the given JavaScript code with possible arguments.</doc>
<status status="NOT RUN" starttime="20240201 15:12:54.650" endtime="20240201 15:12:54.650"/>
</kw>
<kw name="Sleep" library="BuiltIn">
<arg>5s</arg>
<doc>Pauses the test executed for the given time.</doc>
<status status="NOT RUN" starttime="20240201 15:12:54.650" endtime="20240201 15:12:54.650"/>
</kw>
<kw name="Choose File" library="SeleniumLibrary">
<arg>//*[@id="newConcern_fileUpload"]</arg>
<arg>D:/hiii.pdf//D:/export.pdf</arg>
<doc>Inputs the ``file_path`` into the file input field ``locator``.</doc>
<status status="NOT RUN" starttime="20240201 15:12:54.650" endtime="20240201 15:12:54.650"/>
</kw>
<kw name="Sleep" library="BuiltIn">
<arg>10s</arg>
<doc>Pauses the test executed for the given time.</doc>
<status status="NOT RUN" starttime="20240201 15:12:54.658" endtime="20240201 15:12:54.658"/>
</kw>
<kw name="Click Element" library="SeleniumLibrary">
<arg>//button[@id="newConcern_saveNewConcern"]</arg>
<doc>Click the element identified by ``locator``.</doc>
<status status="NOT RUN" starttime="20240201 15:12:54.658" endtime="20240201 15:12:54.658"/>
</kw>
<status status="FAIL" starttime="20240201 15:11:58.771" endtime="20240201 15:12:54.658">Element with locator '//span[contains(text(),' TATA Motors ')]' not found.</status>
</test>
<doc>this script id used for  the testing the creating the concern  using the automated</doc>
<status status="FAIL" starttime="20240201 15:11:58.558" endtime="20240201 15:12:54.661"/>
</suite>
<statistics>
<total>
<stat pass="0" fail="1" skip="0">All Tests</stat>
</total>
<tag>
</tag>
<suite>
<stat pass="0" fail="1" skip="0" id="s1" name="1D Automation">1D Automation</stat>
</suite>
</statistics>
<errors>
</errors>
</robot>
